Using pre-set license
Built from '2021.3/staging' branch; Version is '2021.3.4f1 (cb45f9cae8b7) revision 13321721'; Using compiler version '192829333'; Build Type 'Release'
OS: 'Windows 10  (10.0.19042) 64bit Enterprise' Language: 'en' Physical Memory: 16106 MB
BatchMode: 1, IsHumanControllingUs: 0, StartBugReporterOnCrash: 0, Is64bit: 1, IsPro: 1

COMMAND LINE ARGUMENTS:
C:\Program Files\Unity\Hub\Editor\2021.3.4f1\Editor\Unity.exe
-adb2
-batchMode
-noUpm
-name
AssetImportWorker1
-projectPath
C:/Users/ayesha.b.ahmed/Documents/codeProjects/UnityFundamentals
-logFile
Logs/AssetImportWorker1.log
-srvPort
54327
Successfully changed project path to: C:/Users/ayesha.b.ahmed/Documents/codeProjects/UnityFundamentals
C:/Users/ayesha.b.ahmed/Documents/codeProjects/UnityFundamentals
[UnityMemory] Configuration Parameters - Can be set up in boot.config
    "memorysetup-bucket-allocator-granularity=16"
    "memorysetup-bucket-allocator-bucket-count=8"
    "memorysetup-bucket-allocator-block-size=33554432"
    "memorysetup-bucket-allocator-block-count=8"
    "memorysetup-main-allocator-block-size=16777216"
    "memorysetup-thread-allocator-block-size=16777216"
    "memorysetup-gfx-main-allocator-block-size=16777216"
    "memorysetup-gfx-thread-allocator-block-size=16777216"
    "memorysetup-cache-allocator-block-size=4194304"
    "memorysetup-typetree-allocator-block-size=2097152"
    "memorysetup-profiler-bucket-allocator-granularity=16"
    "memorysetup-profiler-bucket-allocator-bucket-count=8"
    "memorysetup-profiler-bucket-allocator-block-size=33554432"
    "memorysetup-profiler-bucket-allocator-block-count=8"
    "memorysetup-profiler-allocator-block-size=16777216"
    "memorysetup-profiler-editor-allocator-block-size=1048576"
    "memorysetup-temp-allocator-size-main=16777216"
    "memorysetup-job-temp-allocator-block-size=2097152"
    "memorysetup-job-temp-allocator-block-size-background=1048576"
    "memorysetup-job-temp-allocator-reduction-small-platforms=262144"
    "memorysetup-temp-allocator-size-background-worker=32768"
    "memorysetup-temp-allocator-size-job-worker=262144"
    "memorysetup-temp-allocator-size-preload-manager=33554432"
    "memorysetup-temp-allocator-size-nav-mesh-worker=65536"
    "memorysetup-temp-allocator-size-audio-worker=65536"
    "memorysetup-temp-allocator-size-cloud-worker=32768"
    "memorysetup-temp-allocator-size-gi-baking-worker=262144"
    "memorysetup-temp-allocator-size-gfx=262144"
Refreshing native plugins compatible for Editor in 221.10 ms, found 3 plugins.
Preloading 0 native plugins for Editor in 0.00 ms.
Initialize engine version: 2021.3.4f1 (cb45f9cae8b7)
[Subsystems] Discovering subsystems at path C:/Program Files/Unity/Hub/Editor/2021.3.4f1/Editor/Data/Resources/UnitySubsystems
[Subsystems] Discovering subsystems at path C:/Users/ayesha.b.ahmed/Documents/codeProjects/UnityFundamentals/Assets
GfxDevice: creating device client; threaded=0; jobified=0
Direct3D:
    Version:  Direct3D 11.0 [level 11.1]
    Renderer: Intel(R) Iris(R) Xe Graphics (ID=0x9a49)
    Vendor:   Intel
    VRAM:     8053 MB
    Driver:   30.0.100.9955
Initialize mono
Mono path[0] = 'C:/Program Files/Unity/Hub/Editor/2021.3.4f1/Editor/Data/Managed'
Mono path[1] = 'C:/Program Files/Unity/Hub/Editor/2021.3.4f1/Editor/Data/MonoBleedingEdge/lib/mono/unityjit-win32'
Mono config path = 'C:/Program Files/Unity/Hub/Editor/2021.3.4f1/Editor/Data/MonoBleedingEdge/etc'
Using monoOptions --debugger-agent=transport=dt_socket,embedding=1,server=y,suspend=n,address=127.0.0.1:56704
Begin MonoManager ReloadAssembly
Registering precompiled unity dll's ...
Register platform support module: C:/Program Files/Unity/Hub/Editor/2021.3.4f1/Editor/Data/PlaybackEngines/WebGLSupport/UnityEditor.WebGL.Extensions.dll
Register platform support module: C:/Program Files/Unity/Hub/Editor/2021.3.4f1/Editor/Data/PlaybackEngines/WindowsStandaloneSupport/UnityEditor.WindowsStandalone.Extensions.dll
Registered in 0.026127 seconds.
Native extension for WindowsStandalone target not found
Native extension for WebGL target not found
Refreshing native plugins compatible for Editor in 169.64 ms, found 3 plugins.
Preloading 0 native plugins for Editor in 0.00 ms.
Mono: successfully reloaded assembly
- Completed reload, in  1.450 seconds
Domain Reload Profiling:
	ReloadAssembly (1451ms)
		BeginReloadAssembly (206ms)
			ExecutionOrderSort (0ms)
			DisableScriptedObjects (0ms)
			BackupInstance (0ms)
			ReleaseScriptingObjects (0ms)
			CreateAndSetChildDomain (2ms)
		EndReloadAssembly (991ms)
			LoadAssemblies (197ms)
			RebuildTransferFunctionScriptingTraits (0ms)
			SetupTypeCache (243ms)
			ReleaseScriptCaches (0ms)
			RebuildScriptCaches (45ms)
			SetupLoadedEditorAssemblies (608ms)
				LogAssemblyErrors (0ms)
				InitializePlatformSupportModulesInManaged (22ms)
				SetLoadedEditorAssemblies (1ms)
				RefreshPlugins (170ms)
				BeforeProcessingInitializeOnLoad (2ms)
				ProcessInitializeOnLoadAttributes (281ms)
				ProcessInitializeOnLoadMethodAttributes (131ms)
				AfterProcessingInitializeOnLoad (0ms)
				EditorAssembliesLoaded (0ms)
			ExecutionOrderSort2 (0ms)
			AwakeInstancesAfterBackupRestoration (0ms)
Platform modules already initialized, skipping
Registering precompiled user dll's ...
Registered in 0.026705 seconds.
Begin MonoManager ReloadAssembly
Symbol file LoadedFromMemory doesn't match image C:\Users\ayesha.b.ahmed\Documents\codeProjects\UnityFundamentals\Library\PackageCache\com.unity.visualscripting@1.7.8\Editor\VisualScripting.Core\Dependencies\YamlDotNet\Unity.VisualScripting.YamlDotNet.dll
Symbol file LoadedFromMemory doesn't match image C:\Users\ayesha.b.ahmed\Documents\codeProjects\UnityFundamentals\Library\PackageCache\com.unity.visualscripting@1.7.8\Editor\VisualScripting.Core\Dependencies\DotNetZip\Unity.VisualScripting.IonicZip.dll
Native extension for WindowsStandalone target not found
Native extension for WebGL target not found
Refreshing native plugins compatible for Editor in 0.61 ms, found 3 plugins.
Preloading 0 native plugins for Editor in 0.00 ms.
Mono: successfully reloaded assembly
- Completed reload, in  2.099 seconds
Domain Reload Profiling:
	ReloadAssembly (2101ms)
		BeginReloadAssembly (235ms)
			ExecutionOrderSort (0ms)
			DisableScriptedObjects (17ms)
			BackupInstance (0ms)
			ReleaseScriptingObjects (0ms)
			CreateAndSetChildDomain (42ms)
		EndReloadAssembly (1585ms)
			LoadAssemblies (160ms)
			RebuildTransferFunctionScriptingTraits (0ms)
			SetupTypeCache (484ms)
			ReleaseScriptCaches (1ms)
			RebuildScriptCaches (122ms)
			SetupLoadedEditorAssemblies (699ms)
				LogAssemblyErrors (0ms)
				InitializePlatformSupportModulesInManaged (9ms)
				SetLoadedEditorAssemblies (0ms)
				RefreshPlugins (1ms)
				BeforeProcessingInitializeOnLoad (225ms)
				ProcessInitializeOnLoadAttributes (394ms)
				ProcessInitializeOnLoadMethodAttributes (44ms)
				AfterProcessingInitializeOnLoad (24ms)
				EditorAssembliesLoaded (1ms)
			ExecutionOrderSort2 (0ms)
			AwakeInstancesAfterBackupRestoration (25ms)
Platform modules already initialized, skipping
========================================================================
Worker process is ready to serve import requests
Launched and connected shader compiler UnityShaderCompiler.exe after 0.24 seconds
Refreshing native plugins compatible for Editor in 0.58 ms, found 3 plugins.
Preloading 0 native plugins for Editor in 0.00 ms.
Unloading 3786 Unused Serialized files (Serialized files now loaded: 0)
Unloading 28 unused Assets / (169.0 KB). Loaded Objects now: 4245.
Memory consumption went from 134.8 MB to 134.7 MB.
Total: 3.430200 ms (FindLiveObjects: 0.273900 ms CreateObjectMapping: 0.123100 ms MarkObjects: 2.884100 ms  DeleteObjects: 0.147700 ms)

AssetImportParameters requested are different than current active one (requested -> active):
  custom:video-decoder-ogg-theora: a1e56fd34408186e4bbccfd4996cb3dc -> 
  custom:container-muxer-webm: aa71ff27fc2769a1b78a27578f13a17b -> 
  custom:container-demuxer-webm: 4f35f7cbe854078d1ac9338744f61a02 -> 
  custom:video-encoder-webm-vp8: eb34c28f22e8b96e1ab97ce403110664 -> 
  custom:audio-encoder-webm-vorbis: bf7c407c2cedff20999df2af8eb42d56 -> 
  custom:framework-win-MediaFoundation: 216162199b28c13a410421893ffa2e32 -> 
  custom:container-demuxer-ogg: 62fdf1f143b41e24485cea50d1cbac27 -> 
  custom:video-decoder-webm-vp8: 9c59270c3fd7afecdb556c50c9e8de78 -> 
  custom:audio-decoder-ogg-vorbis: bf7c407c2cedff20999df2af8eb42d56 -> 
========================================================================
Received Import Request.
  Time since last request: 35688.064865 seconds.
  path: Assets/Textures/Lantern_01_occlusion.tga
  artifactKey: Guid(accf5a77824e84f4e9f529b62c9560cf) Importer(815301076,1909f56bfc062723c751e8b465ee728b)
Start importing Assets/Textures/Lantern_01_occlusion.tga using Guid(accf5a77824e84f4e9f529b62c9560cf) Importer(815301076,1909f56bfc062723c751e8b465ee728b)  -> (artifact id: '7505fb80902e58f04dbc5a27225d75da') in 0.100589 seconds 
========================================================================
Received Import Request.
  Time since last request: 0.000028 seconds.
  path: Assets/Textures/Pillar01_MetallicSmoothness.png
  artifactKey: Guid(095390d40f13925458c18e0330d91374) Importer(815301076,1909f56bfc062723c751e8b465ee728b)
Start importing Assets/Textures/Pillar01_MetallicSmoothness.png using Guid(095390d40f13925458c18e0330d91374) Importer(815301076,1909f56bfc062723c751e8b465ee728b)  -> (artifact id: '9cede3c77a704f0e436c5a60ddf26155') in 0.034997 seconds 
========================================================================
Received Import Request.
  Time since last request: 0.000025 seconds.
  path: Assets/Textures/Throne_MetallicSmoothness.png
  artifactKey: Guid(4b4c14bb6da86e34ea85a0a81f092b9a) Importer(815301076,1909f56bfc062723c751e8b465ee728b)
Start importing Assets/Textures/Throne_MetallicSmoothness.png using Guid(4b4c14bb6da86e34ea85a0a81f092b9a) Importer(815301076,1909f56bfc062723c751e8b465ee728b)  -> (artifact id: '9b25ff99f76161670281663c608d120f') in 0.029499 seconds 
========================================================================
Received Import Request.
  Time since last request: 0.000030 seconds.
  path: Assets/Textures/Throne_AO.png
  artifactKey: Guid(8407a31a3d6637e45a9e8bbf9c20c62f) Importer(815301076,1909f56bfc062723c751e8b465ee728b)
Start importing Assets/Textures/Throne_AO.png using Guid(8407a31a3d6637e45a9e8bbf9c20c62f) Importer(815301076,1909f56bfc062723c751e8b465ee728b)  -> (artifact id: 'e87715e2c83af89fad695aea1750268c') in 0.028704 seconds 
========================================================================
Received Import Request.
  Time since last request: 0.000027 seconds.
  path: Assets/Textures/Pillar01_AO.png
  artifactKey: Guid(f704eab068e9af44a9aa46c0526ff6d6) Importer(815301076,1909f56bfc062723c751e8b465ee728b)
Start importing Assets/Textures/Pillar01_AO.png using Guid(f704eab068e9af44a9aa46c0526ff6d6) Importer(815301076,1909f56bfc062723c751e8b465ee728b)  -> (artifact id: '22e565b7e6e4bfd3406fe1ffb02da858') in 0.025026 seconds 
========================================================================
Received Import Request.
  Time since last request: 0.000033 seconds.
  path: Assets/Textures/Lantern_01_Diffuse.tga
  artifactKey: Guid(a87bd704031418c4490ad6374e8f66a8) Importer(815301076,1909f56bfc062723c751e8b465ee728b)
Start importing Assets/Textures/Lantern_01_Diffuse.tga using Guid(a87bd704031418c4490ad6374e8f66a8) Importer(815301076,1909f56bfc062723c751e8b465ee728b)  -> (artifact id: 'df09d007d0babe2ac743a68013e47446') in 0.025210 seconds 
========================================================================
Received Import Request.
  Time since last request: 0.000017 seconds.
  path: Assets/Textures/Statue_01_occlusion.tga
  artifactKey: Guid(1a54e9ae4aa41fa4c86308947a9d65a9) Importer(815301076,1909f56bfc062723c751e8b465ee728b)
Start importing Assets/Textures/Statue_01_occlusion.tga using Guid(1a54e9ae4aa41fa4c86308947a9d65a9) Importer(815301076,1909f56bfc062723c751e8b465ee728b)  -> (artifact id: '3188db2b094ba35a7f3a689df969949d') in 0.031043 seconds 
========================================================================
Received Import Request.
  Time since last request: 0.000038 seconds.
  path: Assets/Gizmos/NavMeshModifierVolume Icon.png
  artifactKey: Guid(cc7b9475dbddf4f9088d327d6e10ab77) Importer(815301076,1909f56bfc062723c751e8b465ee728b)
Start importing Assets/Gizmos/NavMeshModifierVolume Icon.png using Guid(cc7b9475dbddf4f9088d327d6e10ab77) Importer(815301076,1909f56bfc062723c751e8b465ee728b)  -> (artifact id: 'fd403012f561b1cb533a3c33efc37d91') in 0.022731 seconds 
========================================================================
Received Import Request.
  Time since last request: 0.000023 seconds.
  path: Assets/Textures/PillarTopper01_AlbedoTransparency.png
  artifactKey: Guid(0972dc27cf5b602498e7e51e8b3ef675) Importer(815301076,1909f56bfc062723c751e8b465ee728b)
Start importing Assets/Textures/PillarTopper01_AlbedoTransparency.png using Guid(0972dc27cf5b602498e7e51e8b3ef675) Importer(815301076,1909f56bfc062723c751e8b465ee728b)  -> (artifact id: 'e95d197f2395d3099a54c6177c1a0d3c') in 0.027594 seconds 
========================================================================
Received Import Request.
  Time since last request: 28.482927 seconds.
  path: Assets/Textures/Door_01_Occlusion.tga
  artifactKey: Guid(b0132600ad7c7f147a6931cd18d9018b) Importer(815301076,1909f56bfc062723c751e8b465ee728b)
Start importing Assets/Textures/Door_01_Occlusion.tga using Guid(b0132600ad7c7f147a6931cd18d9018b) Importer(815301076,1909f56bfc062723c751e8b465ee728b)  -> (artifact id: '3735500be78a6da75ab9e80570b885f8') in 0.032670 seconds 
========================================================================
Received Import Request.
  Time since last request: 0.000034 seconds.
  path: Assets/Textures/Flag_01_normals.tga
  artifactKey: Guid(bf256cb1853a48d448edcc35437f0a6e) Importer(815301076,1909f56bfc062723c751e8b465ee728b)
Start importing Assets/Textures/Flag_01_normals.tga using Guid(bf256cb1853a48d448edcc35437f0a6e) Importer(815301076,1909f56bfc062723c751e8b465ee728b)  -> (artifact id: '5ec7fb7799856980b2fedbdc491bc641') in 0.034555 seconds 
========================================================================
Received Import Request.
  Time since last request: 0.000035 seconds.
  path: Assets/Textures/FlatRocks_AmbientOcclusion.tga
  artifactKey: Guid(001a1e7b6c5b6da43868b6ba1bc649e3) Importer(815301076,1909f56bfc062723c751e8b465ee728b)
Start importing Assets/Textures/FlatRocks_AmbientOcclusion.tga using Guid(001a1e7b6c5b6da43868b6ba1bc649e3) Importer(815301076,1909f56bfc062723c751e8b465ee728b)  -> (artifact id: 'c3e09d0b0448f7dc0dc126140964df13') in 0.033408 seconds 
========================================================================
Received Import Request.
  Time since last request: 0.000056 seconds.
  path: Assets/Textures/Flag_01_Diffuse.tga
  artifactKey: Guid(1f769d3018fb0ac419acf9eedf153727) Importer(815301076,1909f56bfc062723c751e8b465ee728b)
Start importing Assets/Textures/Flag_01_Diffuse.tga using Guid(1f769d3018fb0ac419acf9eedf153727) Importer(815301076,1909f56bfc062723c751e8b465ee728b)  -> (artifact id: 'abb96e3f2e06aca5b6f6baa2927fe1f0') in 0.034853 seconds 
========================================================================
Received Prepare
Registering precompiled user dll's ...
Registered in 0.012554 seconds.
Begin MonoManager ReloadAssembly
Symbol file LoadedFromMemory doesn't match image C:\Users\ayesha.b.ahmed\Documents\codeProjects\UnityFundamentals\Library\PackageCache\com.unity.visualscripting@1.7.8\Editor\VisualScripting.Core\Dependencies\YamlDotNet\Unity.VisualScripting.YamlDotNet.dll
Symbol file LoadedFromMemory doesn't match image C:\Users\ayesha.b.ahmed\Documents\codeProjects\UnityFundamentals\Library\PackageCache\com.unity.visualscripting@1.7.8\Editor\VisualScripting.Core\Dependencies\DotNetZip\Unity.VisualScripting.IonicZip.dll
Native extension for WindowsStandalone target not found
Native extension for WebGL target not found
Refreshing native plugins compatible for Editor in 0.90 ms, found 3 plugins.
Preloading 0 native plugins for Editor in 0.00 ms.
Mono: successfully reloaded assembly
- Completed reload, in  1.347 seconds
Domain Reload Profiling:
	ReloadAssembly (1348ms)
		BeginReloadAssembly (178ms)
			ExecutionOrderSort (0ms)
			DisableScriptedObjects (6ms)
			BackupInstance (0ms)
			ReleaseScriptingObjects (0ms)
			CreateAndSetChildDomain (47ms)
		EndReloadAssembly (1035ms)
			LoadAssemblies (128ms)
			RebuildTransferFunctionScriptingTraits (0ms)
			SetupTypeCache (340ms)
			ReleaseScriptCaches (2ms)
			RebuildScriptCaches (57ms)
			SetupLoadedEditorAssemblies (458ms)
				LogAssemblyErrors (0ms)
				InitializePlatformSupportModulesInManaged (20ms)
				SetLoadedEditorAssemblies (1ms)
				RefreshPlugins (1ms)
				BeforeProcessingInitializeOnLoad (95ms)
				ProcessInitializeOnLoadAttributes (292ms)
				ProcessInitializeOnLoadMethodAttributes (35ms)
				AfterProcessingInitializeOnLoad (13ms)
				EditorAssembliesLoaded (0ms)
			ExecutionOrderSort2 (0ms)
			AwakeInstancesAfterBackupRestoration (10ms)
Platform modules already initialized, skipping
Refreshing native plugins compatible for Editor in 4.09 ms, found 3 plugins.
Preloading 0 native plugins for Editor in 0.00 ms.
Unloading 3761 Unused Serialized files (Serialized files now loaded: 0)
Unloading 21 unused Assets / (129.2 KB). Loaded Objects now: 4251.
Memory consumption went from 132.8 MB to 132.7 MB.
Total: 3.308200 ms (FindLiveObjects: 0.286400 ms CreateObjectMapping: 0.114500 ms MarkObjects: 2.733400 ms  DeleteObjects: 0.172600 ms)

AssetImportParameters requested are different than current active one (requested -> active):
  custom:video-decoder-ogg-theora: a1e56fd34408186e4bbccfd4996cb3dc -> 
  custom:container-muxer-webm: aa71ff27fc2769a1b78a27578f13a17b -> 
  custom:container-demuxer-webm: 4f35f7cbe854078d1ac9338744f61a02 -> 
  custom:video-encoder-webm-vp8: eb34c28f22e8b96e1ab97ce403110664 -> 
  custom:audio-encoder-webm-vorbis: bf7c407c2cedff20999df2af8eb42d56 -> 
  custom:framework-win-MediaFoundation: 216162199b28c13a410421893ffa2e32 -> 
  custom:container-demuxer-ogg: 62fdf1f143b41e24485cea50d1cbac27 -> 
  custom:video-decoder-webm-vp8: 9c59270c3fd7afecdb556c50c9e8de78 -> 
  custom:audio-decoder-ogg-vorbis: bf7c407c2cedff20999df2af8eb42d56 -> 
========================================================================
Received Import Request.
  Time since last request: 421.031270 seconds.
  path: Assets/Textures/Barriers_01_Diff.tga
  artifactKey: Guid(d15804340d51ddd4a873adad6792c7d1) Importer(815301076,1909f56bfc062723c751e8b465ee728b)
Start importing Assets/Textures/Barriers_01_Diff.tga using Guid(d15804340d51ddd4a873adad6792c7d1) Importer(815301076,1909f56bfc062723c751e8b465ee728b)  -> (artifact id: '8deb2a7fcf7744b649838cdb8e4df99e') in 0.071816 seconds 
========================================================================
Received Import Request.
  Time since last request: 0.000036 seconds.
  path: Assets/Textures/Barriers_01_Spec.tga
  artifactKey: Guid(4c88e87c60bf9864cbb75faa4f0eccdc) Importer(815301076,1909f56bfc062723c751e8b465ee728b)
Start importing Assets/Textures/Barriers_01_Spec.tga using Guid(4c88e87c60bf9864cbb75faa4f0eccdc) Importer(815301076,1909f56bfc062723c751e8b465ee728b)  -> (artifact id: '6c398bd58d928822c1d538c7a01cda8f') in 0.026319 seconds 
========================================================================
Received Import Request.
  Time since last request: 0.000030 seconds.
  path: Assets/Textures/Bridge_01_occlusion.tga
  artifactKey: Guid(f1193e70324690844a2bf4b5d43d9254) Importer(815301076,1909f56bfc062723c751e8b465ee728b)
Start importing Assets/Textures/Bridge_01_occlusion.tga using Guid(f1193e70324690844a2bf4b5d43d9254) Importer(815301076,1909f56bfc062723c751e8b465ee728b)  -> (artifact id: 'dd8b0546e392652bf03e7f07de148309') in 0.030516 seconds 
========================================================================
Received Import Request.
  Time since last request: 0.000030 seconds.
  path: Assets/Textures/Bridge_01_Diffuse.tga
  artifactKey: Guid(1cbf36253ee2f2a45a139e9ab121e898) Importer(815301076,1909f56bfc062723c751e8b465ee728b)
Start importing Assets/Textures/Bridge_01_Diffuse.tga using Guid(1cbf36253ee2f2a45a139e9ab121e898) Importer(815301076,1909f56bfc062723c751e8b465ee728b)  -> (artifact id: '3fa6a71b873e409c4104ca5707210567') in 0.030749 seconds 
========================================================================
Received Prepare
Registering precompiled user dll's ...
Registered in 0.019578 seconds.
Begin MonoManager ReloadAssembly
Symbol file LoadedFromMemory doesn't match image C:\Users\ayesha.b.ahmed\Documents\codeProjects\UnityFundamentals\Library\PackageCache\com.unity.visualscripting@1.7.8\Editor\VisualScripting.Core\Dependencies\YamlDotNet\Unity.VisualScripting.YamlDotNet.dll
Symbol file LoadedFromMemory doesn't match image C:\Users\ayesha.b.ahmed\Documents\codeProjects\UnityFundamentals\Library\PackageCache\com.unity.visualscripting@1.7.8\Editor\VisualScripting.Core\Dependencies\DotNetZip\Unity.VisualScripting.IonicZip.dll
Native extension for WindowsStandalone target not found
Native extension for WebGL target not found
Refreshing native plugins compatible for Editor in 1.00 ms, found 3 plugins.
Preloading 0 native plugins for Editor in 0.00 ms.
Mono: successfully reloaded assembly
- Completed reload, in  1.386 seconds
Domain Reload Profiling:
	ReloadAssembly (1386ms)
		BeginReloadAssembly (180ms)
			ExecutionOrderSort (0ms)
			DisableScriptedObjects (6ms)
			BackupInstance (0ms)
			ReleaseScriptingObjects (0ms)
			CreateAndSetChildDomain (46ms)
		EndReloadAssembly (1068ms)
			LoadAssemblies (133ms)
			RebuildTransferFunctionScriptingTraits (0ms)
			SetupTypeCache (357ms)
			ReleaseScriptCaches (2ms)
			RebuildScriptCaches (56ms)
			SetupLoadedEditorAssemblies (469ms)
				LogAssemblyErrors (0ms)
				InitializePlatformSupportModulesInManaged (20ms)
				SetLoadedEditorAssemblies (1ms)
				RefreshPlugins (1ms)
				BeforeProcessingInitializeOnLoad (112ms)
				ProcessInitializeOnLoadAttributes (288ms)
				ProcessInitializeOnLoadMethodAttributes (34ms)
				AfterProcessingInitializeOnLoad (13ms)
				EditorAssembliesLoaded (0ms)
			ExecutionOrderSort2 (0ms)
			AwakeInstancesAfterBackupRestoration (11ms)
Platform modules already initialized, skipping
Refreshing native plugins compatible for Editor in 3.06 ms, found 3 plugins.
Preloading 0 native plugins for Editor in 0.00 ms.
Unloading 3761 Unused Serialized files (Serialized files now loaded: 0)
Unloading 21 unused Assets / (129.3 KB). Loaded Objects now: 4254.
Memory consumption went from 132.8 MB to 132.7 MB.
Total: 4.374000 ms (FindLiveObjects: 0.314900 ms CreateObjectMapping: 0.169400 ms MarkObjects: 3.764500 ms  DeleteObjects: 0.123500 ms)

AssetImportParameters requested are different than current active one (requested -> active):
  custom:video-decoder-ogg-theora: a1e56fd34408186e4bbccfd4996cb3dc -> 
  custom:container-muxer-webm: aa71ff27fc2769a1b78a27578f13a17b -> 
  custom:container-demuxer-webm: 4f35f7cbe854078d1ac9338744f61a02 -> 
  custom:video-encoder-webm-vp8: eb34c28f22e8b96e1ab97ce403110664 -> 
  custom:audio-encoder-webm-vorbis: bf7c407c2cedff20999df2af8eb42d56 -> 
  custom:framework-win-MediaFoundation: 216162199b28c13a410421893ffa2e32 -> 
  custom:container-demuxer-ogg: 62fdf1f143b41e24485cea50d1cbac27 -> 
  custom:video-decoder-webm-vp8: 9c59270c3fd7afecdb556c50c9e8de78 -> 
  custom:audio-decoder-ogg-vorbis: bf7c407c2cedff20999df2af8eb42d56 -> 
========================================================================
Received Prepare
Registering precompiled user dll's ...
Registered in 0.016901 seconds.
Begin MonoManager ReloadAssembly
Symbol file LoadedFromMemory doesn't match image C:\Users\ayesha.b.ahmed\Documents\codeProjects\UnityFundamentals\Library\PackageCache\com.unity.visualscripting@1.7.8\Editor\VisualScripting.Core\Dependencies\YamlDotNet\Unity.VisualScripting.YamlDotNet.dll
Symbol file LoadedFromMemory doesn't match image C:\Users\ayesha.b.ahmed\Documents\codeProjects\UnityFundamentals\Library\PackageCache\com.unity.visualscripting@1.7.8\Editor\VisualScripting.Core\Dependencies\DotNetZip\Unity.VisualScripting.IonicZip.dll
Native extension for WindowsStandalone target not found
Native extension for WebGL target not found
Refreshing native plugins compatible for Editor in 0.98 ms, found 3 plugins.
Preloading 0 native plugins for Editor in 0.00 ms.
Mono: successfully reloaded assembly
- Completed reload, in  1.391 seconds
Domain Reload Profiling:
	ReloadAssembly (1392ms)
		BeginReloadAssembly (199ms)
			ExecutionOrderSort (0ms)
			DisableScriptedObjects (7ms)
			BackupInstance (0ms)
			ReleaseScriptingObjects (0ms)
			CreateAndSetChildDomain (50ms)
		EndReloadAssembly (1065ms)
			LoadAssemblies (133ms)
			RebuildTransferFunctionScriptingTraits (0ms)
			SetupTypeCache (330ms)
			ReleaseScriptCaches (2ms)
			RebuildScriptCaches (58ms)
			SetupLoadedEditorAssemblies (483ms)
				LogAssemblyErrors (0ms)
				InitializePlatformSupportModulesInManaged (19ms)
				SetLoadedEditorAssemblies (1ms)
				RefreshPlugins (1ms)
				BeforeProcessingInitializeOnLoad (94ms)
				ProcessInitializeOnLoadAttributes (305ms)
				ProcessInitializeOnLoadMethodAttributes (45ms)
				AfterProcessingInitializeOnLoad (17ms)
				EditorAssembliesLoaded (1ms)
			ExecutionOrderSort2 (0ms)
			AwakeInstancesAfterBackupRestoration (13ms)
Platform modules already initialized, skipping
Refreshing native plugins compatible for Editor in 2.99 ms, found 3 plugins.
Preloading 0 native plugins for Editor in 0.00 ms.
Unloading 3761 Unused Serialized files (Serialized files now loaded: 0)
Unloading 21 unused Assets / (136.8 KB). Loaded Objects now: 4257.
Memory consumption went from 132.8 MB to 132.7 MB.
Total: 3.332000 ms (FindLiveObjects: 0.327900 ms CreateObjectMapping: 0.203800 ms MarkObjects: 2.626400 ms  DeleteObjects: 0.172400 ms)

AssetImportParameters requested are different than current active one (requested -> active):
  custom:video-decoder-ogg-theora: a1e56fd34408186e4bbccfd4996cb3dc -> 
  custom:container-muxer-webm: aa71ff27fc2769a1b78a27578f13a17b -> 
  custom:container-demuxer-webm: 4f35f7cbe854078d1ac9338744f61a02 -> 
  custom:video-encoder-webm-vp8: eb34c28f22e8b96e1ab97ce403110664 -> 
  custom:audio-encoder-webm-vorbis: bf7c407c2cedff20999df2af8eb42d56 -> 
  custom:framework-win-MediaFoundation: 216162199b28c13a410421893ffa2e32 -> 
  custom:container-demuxer-ogg: 62fdf1f143b41e24485cea50d1cbac27 -> 
  custom:video-decoder-webm-vp8: 9c59270c3fd7afecdb556c50c9e8de78 -> 
  custom:audio-decoder-ogg-vorbis: bf7c407c2cedff20999df2af8eb42d56 -> 
========================================================================
Received Prepare
Registering precompiled user dll's ...
Registered in 0.018443 seconds.
Begin MonoManager ReloadAssembly
Symbol file LoadedFromMemory doesn't match image C:\Users\ayesha.b.ahmed\Documents\codeProjects\UnityFundamentals\Library\PackageCache\com.unity.visualscripting@1.7.8\Editor\VisualScripting.Core\Dependencies\YamlDotNet\Unity.VisualScripting.YamlDotNet.dll
Symbol file LoadedFromMemory doesn't match image C:\Users\ayesha.b.ahmed\Documents\codeProjects\UnityFundamentals\Library\PackageCache\com.unity.visualscripting@1.7.8\Editor\VisualScripting.Core\Dependencies\DotNetZip\Unity.VisualScripting.IonicZip.dll
Native extension for WindowsStandalone target not found
Native extension for WebGL target not found
Refreshing native plugins compatible for Editor in 0.92 ms, found 3 plugins.
Preloading 0 native plugins for Editor in 0.00 ms.
Mono: successfully reloaded assembly
- Completed reload, in  1.956 seconds
Domain Reload Profiling:
	ReloadAssembly (1957ms)
		BeginReloadAssembly (273ms)
			ExecutionOrderSort (0ms)
			DisableScriptedObjects (8ms)
			BackupInstance (0ms)
			ReleaseScriptingObjects (0ms)
			CreateAndSetChildDomain (64ms)
		EndReloadAssembly (1483ms)
			LoadAssemblies (195ms)
			RebuildTransferFunctionScriptingTraits (0ms)
			SetupTypeCache (401ms)
			ReleaseScriptCaches (2ms)
			RebuildScriptCaches (73ms)
			SetupLoadedEditorAssemblies (795ms)
				LogAssemblyErrors (0ms)
				InitializePlatformSupportModulesInManaged (19ms)
				SetLoadedEditorAssemblies (1ms)
				RefreshPlugins (1ms)
				BeforeProcessingInitializeOnLoad (129ms)
				ProcessInitializeOnLoadAttributes (586ms)
				ProcessInitializeOnLoadMethodAttributes (45ms)
				AfterProcessingInitializeOnLoad (14ms)
				EditorAssembliesLoaded (0ms)
			ExecutionOrderSort2 (0ms)
			AwakeInstancesAfterBackupRestoration (9ms)
Platform modules already initialized, skipping
Refreshing native plugins compatible for Editor in 2.63 ms, found 3 plugins.
Preloading 0 native plugins for Editor in 0.00 ms.
Unloading 3761 Unused Serialized files (Serialized files now loaded: 0)
Unloading 21 unused Assets / (129.3 KB). Loaded Objects now: 4260.
Memory consumption went from 132.8 MB to 132.7 MB.
Total: 2.944700 ms (FindLiveObjects: 0.252800 ms CreateObjectMapping: 0.116400 ms MarkObjects: 2.436300 ms  DeleteObjects: 0.137900 ms)

AssetImportParameters requested are different than current active one (requested -> active):
  custom:video-decoder-ogg-theora: a1e56fd34408186e4bbccfd4996cb3dc -> 
  custom:container-muxer-webm: aa71ff27fc2769a1b78a27578f13a17b -> 
  custom:container-demuxer-webm: 4f35f7cbe854078d1ac9338744f61a02 -> 
  custom:video-encoder-webm-vp8: eb34c28f22e8b96e1ab97ce403110664 -> 
  custom:audio-encoder-webm-vorbis: bf7c407c2cedff20999df2af8eb42d56 -> 
  custom:framework-win-MediaFoundation: 216162199b28c13a410421893ffa2e32 -> 
  custom:container-demuxer-ogg: 62fdf1f143b41e24485cea50d1cbac27 -> 
  custom:video-decoder-webm-vp8: 9c59270c3fd7afecdb556c50c9e8de78 -> 
  custom:audio-decoder-ogg-vorbis: bf7c407c2cedff20999df2af8eb42d56 -> 
========================================================================
Received Prepare
Registering precompiled user dll's ...
Registered in 0.020835 seconds.
Begin MonoManager ReloadAssembly
Symbol file LoadedFromMemory doesn't match image C:\Users\ayesha.b.ahmed\Documents\codeProjects\UnityFundamentals\Library\PackageCache\com.unity.visualscripting@1.7.8\Editor\VisualScripting.Core\Dependencies\YamlDotNet\Unity.VisualScripting.YamlDotNet.dll
Symbol file LoadedFromMemory doesn't match image C:\Users\ayesha.b.ahmed\Documents\codeProjects\UnityFundamentals\Library\PackageCache\com.unity.visualscripting@1.7.8\Editor\VisualScripting.Core\Dependencies\DotNetZip\Unity.VisualScripting.IonicZip.dll
Native extension for WindowsStandalone target not found
Native extension for WebGL target not found
Refreshing native plugins compatible for Editor in 0.64 ms, found 3 plugins.
Preloading 0 native plugins for Editor in 0.00 ms.
Mono: successfully reloaded assembly
- Completed reload, in  1.302 seconds
Domain Reload Profiling:
	ReloadAssembly (1303ms)
		BeginReloadAssembly (190ms)
			ExecutionOrderSort (0ms)
			DisableScriptedObjects (9ms)
			BackupInstance (0ms)
			ReleaseScriptingObjects (0ms)
			CreateAndSetChildDomain (45ms)
		EndReloadAssembly (988ms)
			LoadAssemblies (131ms)
			RebuildTransferFunctionScriptingTraits (0ms)
			SetupTypeCache (310ms)
			ReleaseScriptCaches (2ms)
			RebuildScriptCaches (54ms)
			SetupLoadedEditorAssemblies (449ms)
				LogAssemblyErrors (0ms)
				InitializePlatformSupportModulesInManaged (18ms)
				SetLoadedEditorAssemblies (1ms)
				RefreshPlugins (1ms)
				BeforeProcessingInitializeOnLoad (97ms)
				ProcessInitializeOnLoadAttributes (283ms)
				ProcessInitializeOnLoadMethodAttributes (37ms)
				AfterProcessingInitializeOnLoad (12ms)
				EditorAssembliesLoaded (0ms)
			ExecutionOrderSort2 (0ms)
			AwakeInstancesAfterBackupRestoration (8ms)
Platform modules already initialized, skipping
Refreshing native plugins compatible for Editor in 3.02 ms, found 3 plugins.
Preloading 0 native plugins for Editor in 0.00 ms.
Unloading 3761 Unused Serialized files (Serialized files now loaded: 0)
Unloading 21 unused Assets / (129.2 KB). Loaded Objects now: 4263.
Memory consumption went from 132.9 MB to 132.7 MB.
Total: 2.646600 ms (FindLiveObjects: 0.257800 ms CreateObjectMapping: 0.106300 ms MarkObjects: 2.160700 ms  DeleteObjects: 0.120400 ms)

AssetImportParameters requested are different than current active one (requested -> active):
  custom:video-decoder-ogg-theora: a1e56fd34408186e4bbccfd4996cb3dc -> 
  custom:container-muxer-webm: aa71ff27fc2769a1b78a27578f13a17b -> 
  custom:container-demuxer-webm: 4f35f7cbe854078d1ac9338744f61a02 -> 
  custom:video-encoder-webm-vp8: eb34c28f22e8b96e1ab97ce403110664 -> 
  custom:audio-encoder-webm-vorbis: bf7c407c2cedff20999df2af8eb42d56 -> 
  custom:framework-win-MediaFoundation: 216162199b28c13a410421893ffa2e32 -> 
  custom:container-demuxer-ogg: 62fdf1f143b41e24485cea50d1cbac27 -> 
  custom:video-decoder-webm-vp8: 9c59270c3fd7afecdb556c50c9e8de78 -> 
  custom:audio-decoder-ogg-vorbis: bf7c407c2cedff20999df2af8eb42d56 -> 
========================================================================
Received Prepare
Registering precompiled user dll's ...
Registered in 0.018870 seconds.
Begin MonoManager ReloadAssembly
Symbol file LoadedFromMemory doesn't match image C:\Users\ayesha.b.ahmed\Documents\codeProjects\UnityFundamentals\Library\PackageCache\com.unity.visualscripting@1.7.8\Editor\VisualScripting.Core\Dependencies\YamlDotNet\Unity.VisualScripting.YamlDotNet.dll
Symbol file LoadedFromMemory doesn't match image C:\Users\ayesha.b.ahmed\Documents\codeProjects\UnityFundamentals\Library\PackageCache\com.unity.visualscripting@1.7.8\Editor\VisualScripting.Core\Dependencies\DotNetZip\Unity.VisualScripting.IonicZip.dll
Native extension for WindowsStandalone target not found
Native extension for WebGL target not found
Refreshing native plugins compatible for Editor in 0.61 ms, found 3 plugins.
Preloading 0 native plugins for Editor in 0.00 ms.
Mono: successfully reloaded assembly
- Completed reload, in  1.352 seconds
Domain Reload Profiling:
	ReloadAssembly (1353ms)
		BeginReloadAssembly (198ms)
			ExecutionOrderSort (0ms)
			DisableScriptedObjects (7ms)
			BackupInstance (0ms)
			ReleaseScriptingObjects (0ms)
			CreateAndSetChildDomain (47ms)
		EndReloadAssembly (1012ms)
			LoadAssemblies (158ms)
			RebuildTransferFunctionScriptingTraits (0ms)
			SetupTypeCache (321ms)
			ReleaseScriptCaches (2ms)
			RebuildScriptCaches (53ms)
			SetupLoadedEditorAssemblies (452ms)
				LogAssemblyErrors (0ms)
				InitializePlatformSupportModulesInManaged (19ms)
				SetLoadedEditorAssemblies (1ms)
				RefreshPlugins (1ms)
				BeforeProcessingInitializeOnLoad (99ms)
				ProcessInitializeOnLoadAttributes (285ms)
				ProcessInitializeOnLoadMethodAttributes (36ms)
				AfterProcessingInitializeOnLoad (12ms)
				EditorAssembliesLoaded (0ms)
			ExecutionOrderSort2 (0ms)
			AwakeInstancesAfterBackupRestoration (11ms)
Platform modules already initialized, skipping
Refreshing native plugins compatible for Editor in 2.68 ms, found 3 plugins.
Preloading 0 native plugins for Editor in 0.00 ms.
Unloading 3761 Unused Serialized files (Serialized files now loaded: 0)
Unloading 21 unused Assets / (121.7 KB). Loaded Objects now: 4266.
Memory consumption went from 132.9 MB to 132.7 MB.
Total: 3.186300 ms (FindLiveObjects: 0.318500 ms CreateObjectMapping: 0.148800 ms MarkObjects: 2.569800 ms  DeleteObjects: 0.147300 ms)

AssetImportParameters requested are different than current active one (requested -> active):
  custom:video-decoder-ogg-theora: a1e56fd34408186e4bbccfd4996cb3dc -> 
  custom:container-muxer-webm: aa71ff27fc2769a1b78a27578f13a17b -> 
  custom:container-demuxer-webm: 4f35f7cbe854078d1ac9338744f61a02 -> 
  custom:video-encoder-webm-vp8: eb34c28f22e8b96e1ab97ce403110664 -> 
  custom:audio-encoder-webm-vorbis: bf7c407c2cedff20999df2af8eb42d56 -> 
  custom:framework-win-MediaFoundation: 216162199b28c13a410421893ffa2e32 -> 
  custom:container-demuxer-ogg: 62fdf1f143b41e24485cea50d1cbac27 -> 
  custom:video-decoder-webm-vp8: 9c59270c3fd7afecdb556c50c9e8de78 -> 
  custom:audio-decoder-ogg-vorbis: bf7c407c2cedff20999df2af8eb42d56 -> 
========================================================================
Received Import Request.
  Time since last request: 767.273139 seconds.
  path: Assets/Textures/Broken_Bridge_01_norm.tga
  artifactKey: Guid(264b1c18ba65030488941d9a99ffd2c1) Importer(815301076,1909f56bfc062723c751e8b465ee728b)
Start importing Assets/Textures/Broken_Bridge_01_norm.tga using Guid(264b1c18ba65030488941d9a99ffd2c1) Importer(815301076,1909f56bfc062723c751e8b465ee728b)  -> (artifact id: '2d7f6a8b3904f7cb6238cbe4bc6e85b4') in 0.087735 seconds 
========================================================================
Received Import Request.
  Time since last request: 0.000025 seconds.
  path: Assets/Textures/Floor_01_Diffuse.tga
  artifactKey: Guid(213187d9bb43ef54c9066b2bbcd7ef60) Importer(815301076,1909f56bfc062723c751e8b465ee728b)
Start importing Assets/Textures/Floor_01_Diffuse.tga using Guid(213187d9bb43ef54c9066b2bbcd7ef60) Importer(815301076,1909f56bfc062723c751e8b465ee728b)  -> (artifact id: 'd016e7d92e53b0f43380315fdc3c27a5') in 0.047427 seconds 
========================================================================
Received Import Request.
  Time since last request: 0.000035 seconds.
  path: Assets/Textures/Broken_Floor_01_Specular.tga
  artifactKey: Guid(78614b5519404b1478e1ed7675c359b3) Importer(815301076,1909f56bfc062723c751e8b465ee728b)
Start importing Assets/Textures/Broken_Floor_01_Specular.tga using Guid(78614b5519404b1478e1ed7675c359b3) Importer(815301076,1909f56bfc062723c751e8b465ee728b)  -> (artifact id: 'e6524828b22699110692d83eac745a23') in 0.037585 seconds 
========================================================================
Received Import Request.
  Time since last request: 0.000025 seconds.
  path: Assets/Textures/Door_01_Diff.tga
  artifactKey: Guid(f167b706fdaea4a46bf7aecda1e006ed) Importer(815301076,1909f56bfc062723c751e8b465ee728b)
Start importing Assets/Textures/Door_01_Diff.tga using Guid(f167b706fdaea4a46bf7aecda1e006ed) Importer(815301076,1909f56bfc062723c751e8b465ee728b)  -> (artifact id: 'c13553723e16b4ab42fa88c098eba6fb') in 0.021494 seconds 
========================================================================
Received Import Request.
  Time since last request: 0.000034 seconds.
  path: Assets/Textures/FlatRocks_specular.tga
  artifactKey: Guid(608f13cbafd13914e80187e2d11b095f) Importer(815301076,1909f56bfc062723c751e8b465ee728b)
Start importing Assets/Textures/FlatRocks_specular.tga using Guid(608f13cbafd13914e80187e2d11b095f) Importer(815301076,1909f56bfc062723c751e8b465ee728b)  -> (artifact id: '80cc426ed7ec61cb06bf90a47bd610c3') in 0.021536 seconds 
========================================================================
Received Import Request.
  Time since last request: 0.000056 seconds.
  path: Assets/Textures/FlatRocks_roughness.tga
  artifactKey: Guid(9bc6954434c3bef45bea6c9e8190277a) Importer(815301076,1909f56bfc062723c751e8b465ee728b)
Start importing Assets/Textures/FlatRocks_roughness.tga using Guid(9bc6954434c3bef45bea6c9e8190277a) Importer(815301076,1909f56bfc062723c751e8b465ee728b)  -> (artifact id: '2acd88b50493831d2685e95f6b8c649a') in 0.024585 seconds 
========================================================================
Received Import Request.
  Time since last request: 0.000018 seconds.
  path: Assets/Textures/Floor_01_occlusion.tga
  artifactKey: Guid(77fb3da7610262c4a9d3df002514a5ec) Importer(815301076,1909f56bfc062723c751e8b465ee728b)
Start importing Assets/Textures/Floor_01_occlusion.tga using Guid(77fb3da7610262c4a9d3df002514a5ec) Importer(815301076,1909f56bfc062723c751e8b465ee728b)  -> (artifact id: '2bf47ee5c1cf95943097aaa53c35f143') in 0.021721 seconds 
========================================================================
Received Import Request.
  Time since last request: 0.000037 seconds.
  path: Assets/Textures/Floor_04_Norm.tga
  artifactKey: Guid(0d63206752d01d54fb9b1c147e307267) Importer(815301076,1909f56bfc062723c751e8b465ee728b)
Start importing Assets/Textures/Floor_04_Norm.tga using Guid(0d63206752d01d54fb9b1c147e307267) Importer(815301076,1909f56bfc062723c751e8b465ee728b)  -> (artifact id: 'eb9a71939c62d6831af24e5337251bf0') in 0.024047 seconds 
========================================================================
Received Import Request.
  Time since last request: 0.000110 seconds.
  path: Assets/Textures/FlatRocks_glossiness.tga
  artifactKey: Guid(41c5801b888b6c94abce5f5f8f7b4fd5) Importer(815301076,1909f56bfc062723c751e8b465ee728b)
Start importing Assets/Textures/FlatRocks_glossiness.tga using Guid(41c5801b888b6c94abce5f5f8f7b4fd5) Importer(815301076,1909f56bfc062723c751e8b465ee728b)  -> (artifact id: 'b4fbe99a77d60f06d2f14be31ec96964') in 0.033404 seconds 
========================================================================
Received Import Request.
  Time since last request: 0.000029 seconds.
  path: Assets/Textures/Broken_Bridge_01_occlusion.tga
  artifactKey: Guid(fcfb1d09da111dd45bf49381f2ad1fe9) Importer(815301076,1909f56bfc062723c751e8b465ee728b)
Start importing Assets/Textures/Broken_Bridge_01_occlusion.tga using Guid(fcfb1d09da111dd45bf49381f2ad1fe9) Importer(815301076,1909f56bfc062723c751e8b465ee728b)  -> (artifact id: '75d8f551fd78e8294f98c46d1e2f1c5d') in 0.024931 seconds 
========================================================================
Received Import Request.
  Time since last request: 0.000028 seconds.
  path: Assets/Textures/Floor_04_Diff.tga
  artifactKey: Guid(4139196c0be289e44b1982780239ed39) Importer(815301076,1909f56bfc062723c751e8b465ee728b)
Start importing Assets/Textures/Floor_04_Diff.tga using Guid(4139196c0be289e44b1982780239ed39) Importer(815301076,1909f56bfc062723c751e8b465ee728b)  -> (artifact id: '8c951397e94e7892ab1c6cf55f66ee58') in 0.026860 seconds 
========================================================================
Received Import Request.
  Time since last request: 0.000026 seconds.
  path: Assets/Textures/BrokenFloor_01_norm.tga
  artifactKey: Guid(f36b1e4a8919b034c942ac4505adf0c8) Importer(815301076,1909f56bfc062723c751e8b465ee728b)
Start importing Assets/Textures/BrokenFloor_01_norm.tga using Guid(f36b1e4a8919b034c942ac4505adf0c8) Importer(815301076,1909f56bfc062723c751e8b465ee728b)  -> (artifact id: '68c09314856cf096be9ab1a8b709be7a') in 0.029769 seconds 
========================================================================
Received Import Request.
  Time since last request: 94.982198 seconds.
  path: Assets/Materials/hero_body.mat
  artifactKey: Guid(76944bd98b74db248b5763aedb03a2d0) Importer(815301076,1909f56bfc062723c751e8b465ee728b)
Start importing Assets/Materials/hero_body.mat using Guid(76944bd98b74db248b5763aedb03a2d0) Importer(815301076,1909f56bfc062723c751e8b465ee728b)  -> (artifact id: 'e088c3661e1ca952b5e628426b0f3001') in 0.125002 seconds 
========================================================================
Received Import Request.
  Time since last request: 0.000038 seconds.
  path: Assets/Materials/TileSheet01_diffuse.mat
  artifactKey: Guid(d36468bba22c5bf49829717d5e229a91) Importer(815301076,1909f56bfc062723c751e8b465ee728b)
Start importing Assets/Materials/TileSheet01_diffuse.mat using Guid(d36468bba22c5bf49829717d5e229a91) Importer(815301076,1909f56bfc062723c751e8b465ee728b)  -> (artifact id: '5f9622b7b635826ea7f5a63efe3dece4') in 0.545784 seconds 
========================================================================
Received Import Request.
  Time since last request: 0.000058 seconds.
  path: Assets/Materials/Light.mat
  artifactKey: Guid(eeb77e1a240a9a64893a36e849843783) Importer(815301076,1909f56bfc062723c751e8b465ee728b)
Start importing Assets/Materials/Light.mat using Guid(eeb77e1a240a9a64893a36e849843783) Importer(815301076,1909f56bfc062723c751e8b465ee728b)  -> (artifact id: '1d3881d2b8afec55b5232e4560a85482') in 0.020850 seconds 
========================================================================
Received Import Request.
  Time since last request: 0.000031 seconds.
  path: Assets/Materials/Lantern.mat
  artifactKey: Guid(445295f05a126de41a21a01ecb131234) Importer(815301076,1909f56bfc062723c751e8b465ee728b)
Start importing Assets/Materials/Lantern.mat using Guid(445295f05a126de41a21a01ecb131234) Importer(815301076,1909f56bfc062723c751e8b465ee728b)  -> (artifact id: '3664fc5b1f6d8434ef829bbe00e4d674') in 0.020519 seconds 
========================================================================
Received Import Request.
  Time since last request: 0.000035 seconds.
  path: Assets/Materials/New Material.mat
  artifactKey: Guid(7842c60e8bcd85846a57037836a2c29e) Importer(815301076,1909f56bfc062723c751e8b465ee728b)
Start importing Assets/Materials/New Material.mat using Guid(7842c60e8bcd85846a57037836a2c29e) Importer(815301076,1909f56bfc062723c751e8b465ee728b)  -> (artifact id: '09b4f8cc883511624f233e37f575a746') in 0.020945 seconds 
========================================================================
Received Import Request.
  Time since last request: 0.000034 seconds.
  path: Assets/Materials/Wall_01.mat
  artifactKey: Guid(c0e3a9400beef0c4f85e9bebc670bf02) Importer(815301076,1909f56bfc062723c751e8b465ee728b)
Start importing Assets/Materials/Wall_01.mat using Guid(c0e3a9400beef0c4f85e9bebc670bf02) Importer(815301076,1909f56bfc062723c751e8b465ee728b)  -> (artifact id: 'adc41600bdebb828138ddf53355d35c5') in 0.039914 seconds 
========================================================================
Received Import Request.
  Time since last request: 0.000034 seconds.
  path: Assets/Materials/Wall_03.mat
  artifactKey: Guid(fabb5446fe2a9f74cb72f2ba257eea00) Importer(815301076,1909f56bfc062723c751e8b465ee728b)
Start importing Assets/Materials/Wall_03.mat using Guid(fabb5446fe2a9f74cb72f2ba257eea00) Importer(815301076,1909f56bfc062723c751e8b465ee728b)  -> (artifact id: 'a01cb605b08c0e81d9e068b8fd6a5b81') in 0.017847 seconds 
========================================================================
Received Import Request.
  Time since last request: 0.000036 seconds.
  path: Assets/Materials/ThroneRocks.mat
  artifactKey: Guid(e88691695c7183f4ba68011485a5b37a) Importer(815301076,1909f56bfc062723c751e8b465ee728b)
Start importing Assets/Materials/ThroneRocks.mat using Guid(e88691695c7183f4ba68011485a5b37a) Importer(815301076,1909f56bfc062723c751e8b465ee728b)  -> (artifact id: '211db67b790f1bfaf3fd515d34678aa3') in 0.022966 seconds 
========================================================================
Received Import Request.
  Time since last request: 0.000046 seconds.
  path: Assets/Materials/Wall_02.mat
  artifactKey: Guid(8b762c31442a94a48b297b72b43a72d8) Importer(815301076,1909f56bfc062723c751e8b465ee728b)
Start importing Assets/Materials/Wall_02.mat using Guid(8b762c31442a94a48b297b72b43a72d8) Importer(815301076,1909f56bfc062723c751e8b465ee728b)  -> (artifact id: '74f349f82ffd1e82fc31e9b1edf4bfbe') in 0.025546 seconds 
========================================================================
Received Import Request.
  Time since last request: 0.801985 seconds.
  path: Assets/Materials/Barriers.mat
  artifactKey: Guid(124442013f84fff4292418dcb5bfeb9e) Importer(815301076,1909f56bfc062723c751e8b465ee728b)
Start importing Assets/Materials/Barriers.mat using Guid(124442013f84fff4292418dcb5bfeb9e) Importer(815301076,1909f56bfc062723c751e8b465ee728b)  -> (artifact id: '8e5ea5009dc0ec9b415369b8a21829fc') in 0.031799 seconds 
========================================================================
Received Import Request.
  Time since last request: 0.000032 seconds.
  path: Assets/Materials/FlatRocks Lighter.mat
  artifactKey: Guid(c04e12d228e2bb842a14479f7e09ffa7) Importer(815301076,1909f56bfc062723c751e8b465ee728b)
Start importing Assets/Materials/FlatRocks Lighter.mat using Guid(c04e12d228e2bb842a14479f7e09ffa7) Importer(815301076,1909f56bfc062723c751e8b465ee728b)  -> (artifact id: 'a145e3f960874ebdbbf06384a9b0b7e5') in 0.384537 seconds 
========================================================================
Received Import Request.
  Time since last request: 0.000055 seconds.
  path: Assets/Materials/FlatRocks_diffuse.mat
  artifactKey: Guid(e9c9becc544ad424ebbfed824d42c0d0) Importer(815301076,1909f56bfc062723c751e8b465ee728b)
Start importing Assets/Materials/FlatRocks_diffuse.mat using Guid(e9c9becc544ad424ebbfed824d42c0d0) Importer(815301076,1909f56bfc062723c751e8b465ee728b)  -> (artifact id: '1100cfd497c9f36e69c980729971402f') in 0.492735 seconds 
========================================================================
Received Import Request.
  Time since last request: 0.000029 seconds.
  path: Assets/Materials/Door.mat
  artifactKey: Guid(62ab549e2e9a9cd4a986e5117f89cef9) Importer(815301076,1909f56bfc062723c751e8b465ee728b)
Start importing Assets/Materials/Door.mat using Guid(62ab549e2e9a9cd4a986e5117f89cef9) Importer(815301076,1909f56bfc062723c751e8b465ee728b)  -> (artifact id: '1e4cf94c896466ea4331124de8983706') in 0.383249 seconds 
========================================================================
Received Import Request.
  Time since last request: 2392.224104 seconds.
  path: Assets/Models/Environment/GroundTrim01.fbx
  artifactKey: Guid(b3bb91880c926bb4db650a9b75a49566) Importer(815301076,1909f56bfc062723c751e8b465ee728b)
Start importing Assets/Models/Environment/GroundTrim01.fbx using Guid(b3bb91880c926bb4db650a9b75a49566) Importer(815301076,1909f56bfc062723c751e8b465ee728b)  -> (artifact id: 'e80f62f735cd78a50fb0ee610ed282f9') in 0.663895 seconds 
========================================================================
Received Import Request.
  Time since last request: 0.000031 seconds.
  path: Assets/Models/Environment/ThroneBase01.fbx
  artifactKey: Guid(c314ec385426d424280d10e353b5e499) Importer(815301076,1909f56bfc062723c751e8b465ee728b)
Start importing Assets/Models/Environment/ThroneBase01.fbx using Guid(c314ec385426d424280d10e353b5e499) Importer(815301076,1909f56bfc062723c751e8b465ee728b)  -> (artifact id: '1423a578e0a6221b18ffd8e9f87aef02') in 0.062598 seconds 
========================================================================
Received Import Request.
  Time since last request: 0.000047 seconds.
  path: Assets/Models/Environment/GroundTrim03.fbx
  artifactKey: Guid(2fe912189051877489cad4164a2680a1) Importer(815301076,1909f56bfc062723c751e8b465ee728b)
Start importing Assets/Models/Environment/GroundTrim03.fbx using Guid(2fe912189051877489cad4164a2680a1) Importer(815301076,1909f56bfc062723c751e8b465ee728b)  -> (artifact id: '421ef5f2e5df490f1388d5852ba44061') in 0.046927 seconds 
========================================================================
Received Import Request.
  Time since last request: 0.000033 seconds.
  path: Assets/Models/Environment/GroundTrim01Corner01.fbx
  artifactKey: Guid(edefb8277b2be104ea08f70a1d24d59a) Importer(815301076,1909f56bfc062723c751e8b465ee728b)
Start importing Assets/Models/Environment/GroundTrim01Corner01.fbx using Guid(edefb8277b2be104ea08f70a1d24d59a) Importer(815301076,1909f56bfc062723c751e8b465ee728b)  -> (artifact id: '36d3a87a63eeed6732c6f04aeaa4ba1d') in 0.039464 seconds 
========================================================================
Received Import Request.
  Time since last request: 0.000023 seconds.
  path: Assets/Models/Environment/WallTop01.fbx
  artifactKey: Guid(2144625caa1487e47bc9009315700019) Importer(815301076,1909f56bfc062723c751e8b465ee728b)
Start importing Assets/Models/Environment/WallTop01.fbx using Guid(2144625caa1487e47bc9009315700019) Importer(815301076,1909f56bfc062723c751e8b465ee728b)  -> (artifact id: 'b0f84b29c94ecdefe376352d7c5ad4cb') in 0.065441 seconds 
========================================================================
Received Import Request.
  Time since last request: 1233.406608 seconds.
  path: Assets/Models/Environment/Door_04.FBX
  artifactKey: Guid(1236cc6e9d76ca145bd69151b1db85b5) Importer(815301076,1909f56bfc062723c751e8b465ee728b)
Start importing Assets/Models/Environment/Door_04.FBX using Guid(1236cc6e9d76ca145bd69151b1db85b5) Importer(815301076,1909f56bfc062723c751e8b465ee728b)  -> (artifact id: '9f9560cddb88c82a1be904234dce67c6') in 0.365400 seconds 
========================================================================
Received Import Request.
  Time since last request: 0.000042 seconds.
  path: Assets/Models/Environment/Floor_04.FBX
  artifactKey: Guid(2174618a7c90c564882ea7d3bb2d0b8c) Importer(815301076,1909f56bfc062723c751e8b465ee728b)
Start importing Assets/Models/Environment/Floor_04.FBX using Guid(2174618a7c90c564882ea7d3bb2d0b8c) Importer(815301076,1909f56bfc062723c751e8b465ee728b)  -> (artifact id: 'b461ae825ce658fd232a22a3f87191f2') in 0.329852 seconds 
========================================================================
Received Import Request.
  Time since last request: 0.000032 seconds.
  path: Assets/Models/Environment/Wall01.fbx
  artifactKey: Guid(7f5f1f4aa275fa446807b9a2197970a1) Importer(815301076,1909f56bfc062723c751e8b465ee728b)
Start importing Assets/Models/Environment/Wall01.fbx using Guid(7f5f1f4aa275fa446807b9a2197970a1) Importer(815301076,1909f56bfc062723c751e8b465ee728b)  -> (artifact id: '3ede6e34daa270c679fecd3cfbf1dc31') in 0.064100 seconds 
========================================================================
Received Import Request.
  Time since last request: 0.000021 seconds.
  path: Assets/Models/Environment/Floor_03.FBX
  artifactKey: Guid(3c3fd4d4661228d4e9a76563e8b9e5ef) Importer(815301076,1909f56bfc062723c751e8b465ee728b)
Start importing Assets/Models/Environment/Floor_03.FBX using Guid(3c3fd4d4661228d4e9a76563e8b9e5ef) Importer(815301076,1909f56bfc062723c751e8b465ee728b)  -> (artifact id: '2a122eef1b65e29ead0edf5d8f2c37b3') in 0.065574 seconds 
========================================================================
Received Import Request.
  Time since last request: 0.000024 seconds.
  path: Assets/Models/Environment/Statue_01.FBX
  artifactKey: Guid(bc17d6387a3fa8d4186c2c24272e6c3a) Importer(815301076,1909f56bfc062723c751e8b465ee728b)
Start importing Assets/Models/Environment/Statue_01.FBX using Guid(bc17d6387a3fa8d4186c2c24272e6c3a) Importer(815301076,1909f56bfc062723c751e8b465ee728b)  -> (artifact id: 'ecd9f6be66b73a5c1cc7fd94a7fc22fe') in 0.054668 seconds 
========================================================================
Received Import Request.
  Time since last request: 0.000025 seconds.
  path: Assets/Models/Environment/Wall_04.FBX
  artifactKey: Guid(2da676fbc3fbd07419177f911401ee66) Importer(815301076,1909f56bfc062723c751e8b465ee728b)
Start importing Assets/Models/Environment/Wall_04.FBX using Guid(2da676fbc3fbd07419177f911401ee66) Importer(815301076,1909f56bfc062723c751e8b465ee728b)  -> (artifact id: 'f693d2b0d65436dea8742040919e810b') in 0.057411 seconds 
========================================================================
Received Import Request.
  Time since last request: 0.000029 seconds.
  path: Assets/Models/Environment/Floor_01.FBX
  artifactKey: Guid(e275ac4fdf2c72d42b98b6cef2c5eca5) Importer(815301076,1909f56bfc062723c751e8b465ee728b)
Start importing Assets/Models/Environment/Floor_01.FBX using Guid(e275ac4fdf2c72d42b98b6cef2c5eca5) Importer(815301076,1909f56bfc062723c751e8b465ee728b)  -> (artifact id: '54fe95c14cb6addd814f6287638d2b1c') in 0.039624 seconds 
========================================================================
Received Import Request.
  Time since last request: 0.000077 seconds.
  path: Assets/Models/Environment/Pillar_01.FBX
  artifactKey: Guid(b3f003fbe282fb14da2e118b2a18e999) Importer(815301076,1909f56bfc062723c751e8b465ee728b)
Start importing Assets/Models/Environment/Pillar_01.FBX using Guid(b3f003fbe282fb14da2e118b2a18e999) Importer(815301076,1909f56bfc062723c751e8b465ee728b)  -> (artifact id: '70c6f45fb5e4fc3233bbb2fc10c2558b') in 0.075431 seconds 
========================================================================
Received Import Request.
  Time since last request: 0.000029 seconds.
  path: Assets/Models/Environment/Wood_Plank_02.FBX
  artifactKey: Guid(7cdbc43bc6081464ea516e6c9c677749) Importer(815301076,1909f56bfc062723c751e8b465ee728b)
Start importing Assets/Models/Environment/Wood_Plank_02.FBX using Guid(7cdbc43bc6081464ea516e6c9c677749) Importer(815301076,1909f56bfc062723c751e8b465ee728b)  -> (artifact id: 'dac966cc25bc1861578f00e0f7249d58') in 0.259793 seconds 
========================================================================
Received Import Request.
  Time since last request: 0.000023 seconds.
  path: Assets/Models/Environment/Floor_06.FBX
  artifactKey: Guid(75e6fcceda607f5409e3d01bcfd51b80) Importer(815301076,1909f56bfc062723c751e8b465ee728b)
Start importing Assets/Models/Environment/Floor_06.FBX using Guid(75e6fcceda607f5409e3d01bcfd51b80) Importer(815301076,1909f56bfc062723c751e8b465ee728b)  -> (artifact id: 'ee032845db1f93a1d7d25023e3024997') in 0.037848 seconds 
========================================================================
Received Import Request.
  Time since last request: 0.000033 seconds.
  path: Assets/Models/Environment/Lantern_01.FBX
  artifactKey: Guid(7225b2dee8800bc47aa3d5f77bb7cdb7) Importer(815301076,1909f56bfc062723c751e8b465ee728b)
Start importing Assets/Models/Environment/Lantern_01.FBX using Guid(7225b2dee8800bc47aa3d5f77bb7cdb7) Importer(815301076,1909f56bfc062723c751e8b465ee728b)  -> (artifact id: '583969a8fc5122c73f82ffbd6eb5a8db') in 0.159637 seconds 
========================================================================
Received Import Request.
  Time since last request: 2.439878 seconds.
  path: Assets/Models/Environment/Barrier_02.FBX
  artifactKey: Guid(5fb96cd513c76e149bbc50ab356b4379) Importer(815301076,1909f56bfc062723c751e8b465ee728b)
Start importing Assets/Models/Environment/Barrier_02.FBX using Guid(5fb96cd513c76e149bbc50ab356b4379) Importer(815301076,1909f56bfc062723c751e8b465ee728b)  -> (artifact id: '7718b5a0133b67badd9d9bc21cac041d') in 0.088431 seconds 
========================================================================
Received Import Request.
  Time since last request: 0.000021 seconds.
  path: Assets/Models/Environment/Door_03.FBX
  artifactKey: Guid(e2bb5da0feb730b4fba181ba7aa0273f) Importer(815301076,1909f56bfc062723c751e8b465ee728b)
Start importing Assets/Models/Environment/Door_03.FBX using Guid(e2bb5da0feb730b4fba181ba7aa0273f) Importer(815301076,1909f56bfc062723c751e8b465ee728b)  -> (artifact id: '66ac4b3d9b3650b8d792bcb43377a9b7') in 0.036750 seconds 
========================================================================
Received Import Request.
  Time since last request: 0.000049 seconds.
  path: Assets/Models/Environment/Door_02.FBX
  artifactKey: Guid(63841d2e402ae734e99783b4ccb5419e) Importer(815301076,1909f56bfc062723c751e8b465ee728b)
Start importing Assets/Models/Environment/Door_02.FBX using Guid(63841d2e402ae734e99783b4ccb5419e) Importer(815301076,1909f56bfc062723c751e8b465ee728b)  -> (artifact id: '016b289c232a350c64e8019ecb112603') in 0.030383 seconds 
========================================================================
Received Import Request.
  Time since last request: 0.000025 seconds.
  path: Assets/Models/Environment/Broken_Bridge_02.FBX
  artifactKey: Guid(cd26a2d8bed6d4849a0ba8aac51a47ec) Importer(815301076,1909f56bfc062723c751e8b465ee728b)
Start importing Assets/Models/Environment/Broken_Bridge_02.FBX using Guid(cd26a2d8bed6d4849a0ba8aac51a47ec) Importer(815301076,1909f56bfc062723c751e8b465ee728b)  -> (artifact id: '4d089b9cb677d2784b0f0d854a05be9e') in 0.048074 seconds 
========================================================================
Received Import Request.
  Time since last request: 0.000050 seconds.
  path: Assets/Models/Environment/Barrier_03.FBX
  artifactKey: Guid(ccc436dfc7b0476488986f4f87fca0ea) Importer(815301076,1909f56bfc062723c751e8b465ee728b)
Start importing Assets/Models/Environment/Barrier_03.FBX using Guid(ccc436dfc7b0476488986f4f87fca0ea) Importer(815301076,1909f56bfc062723c751e8b465ee728b)  -> (artifact id: '818d8c91aa611e319eaf0d6b68976ee6') in 0.040431 seconds 
========================================================================
Received Import Request.
  Time since last request: 0.000039 seconds.
  path: Assets/Models/Environment/Bridge_01.FBX
  artifactKey: Guid(a9e02b246755c6c43bd85d804056cb1d) Importer(815301076,1909f56bfc062723c751e8b465ee728b)
Start importing Assets/Models/Environment/Bridge_01.FBX using Guid(a9e02b246755c6c43bd85d804056cb1d) Importer(815301076,1909f56bfc062723c751e8b465ee728b)  -> (artifact id: '9050e8490a30857d54febcde6c519ac0') in 0.090422 seconds 
========================================================================
Received Import Request.
  Time since last request: 0.000022 seconds.
  path: Assets/Models/Environment/Broken_Floor_01.FBX
  artifactKey: Guid(21e088dd575249346bde0e32a21afc68) Importer(815301076,1909f56bfc062723c751e8b465ee728b)
Start importing Assets/Models/Environment/Broken_Floor_01.FBX using Guid(21e088dd575249346bde0e32a21afc68) Importer(815301076,1909f56bfc062723c751e8b465ee728b)  -> (artifact id: '3b678691222dea6db2306cb743cf5b8e') in 0.095299 seconds 
========================================================================
Received Import Request.
  Time since last request: 25.318029 seconds.
  path: Assets/Models/Environment/Pillar_02.FBX
  artifactKey: Guid(d1f68b0e14c5f754fb541ea2f1d1f05b) Importer(815301076,1909f56bfc062723c751e8b465ee728b)
Start importing Assets/Models/Environment/Pillar_02.FBX using Guid(d1f68b0e14c5f754fb541ea2f1d1f05b) Importer(815301076,1909f56bfc062723c751e8b465ee728b)  -> (artifact id: '71909578d6c3ce66c8730c4db810f9a2') in 0.030819 seconds 
========================================================================
Received Import Request.
  Time since last request: 0.000025 seconds.
  path: Assets/Models/Environment/Pillar_04.FBX
  artifactKey: Guid(2454b11d2bedb9a429476da3d0192cec) Importer(815301076,1909f56bfc062723c751e8b465ee728b)
Start importing Assets/Models/Environment/Pillar_04.FBX using Guid(2454b11d2bedb9a429476da3d0192cec) Importer(815301076,1909f56bfc062723c751e8b465ee728b)  -> (artifact id: '51ae406510bae2fac6c9f63b82bd0e8d') in 0.062774 seconds 
========================================================================
Received Import Request.
  Time since last request: 0.000049 seconds.
  path: Assets/Models/Environment/Pillar_03.FBX
  artifactKey: Guid(6282a451417fc44448800b0009d051f3) Importer(815301076,1909f56bfc062723c751e8b465ee728b)
Start importing Assets/Models/Environment/Pillar_03.FBX using Guid(6282a451417fc44448800b0009d051f3) Importer(815301076,1909f56bfc062723c751e8b465ee728b)  -> (artifact id: 'b2b484e76f8c66fed8ffe363b697820b') in 0.035416 seconds 
========================================================================
Received Import Request.
  Time since last request: 1531.200823 seconds.
  path: Assets/Materials/Barriers.mat
  artifactKey: Guid(124442013f84fff4292418dcb5bfeb9e) Importer(815301076,1909f56bfc062723c751e8b465ee728b)
Start importing Assets/Materials/Barriers.mat using Guid(124442013f84fff4292418dcb5bfeb9e) Importer(815301076,1909f56bfc062723c751e8b465ee728b)  -> (artifact id: 'fd53f41033d09e4487e1426de27655ca') in 0.062484 seconds 
========================================================================
Received Import Request.
  Time since last request: 0.000035 seconds.
  path: Assets/Materials/Bridge.mat
  artifactKey: Guid(26203bc9a9f716943bb4ac5889876154) Importer(815301076,1909f56bfc062723c751e8b465ee728b)
Start importing Assets/Materials/Bridge.mat using Guid(26203bc9a9f716943bb4ac5889876154) Importer(815301076,1909f56bfc062723c751e8b465ee728b)  -> (artifact id: '9ea55f27085ed3df9ee5b93be47da234') in 0.054802 seconds 
========================================================================
Received Import Request.
  Time since last request: 0.000027 seconds.
  path: Assets/Materials/Door.mat
  artifactKey: Guid(62ab549e2e9a9cd4a986e5117f89cef9) Importer(815301076,1909f56bfc062723c751e8b465ee728b)
Start importing Assets/Materials/Door.mat using Guid(62ab549e2e9a9cd4a986e5117f89cef9) Importer(815301076,1909f56bfc062723c751e8b465ee728b)  -> (artifact id: 'a1e8faa135374f71a85a7f947f749c94') in 0.061072 seconds 
========================================================================
Received Import Request.
  Time since last request: 4.472676 seconds.
  path: Assets/Materials/Wall_02.mat
  artifactKey: Guid(8b762c31442a94a48b297b72b43a72d8) Importer(815301076,1909f56bfc062723c751e8b465ee728b)
Start importing Assets/Materials/Wall_02.mat using Guid(8b762c31442a94a48b297b72b43a72d8) Importer(815301076,1909f56bfc062723c751e8b465ee728b)  -> (artifact id: '875be5772e314abaf059d72820a39a6b') in 0.092492 seconds 
========================================================================
Received Import Request.
  Time since last request: 2508.665426 seconds.
  path: Assets/Textures/Stair_01_norm.tga
  artifactKey: Guid(98c0d6c238571824f91fff20c1b61b57) Importer(815301076,1909f56bfc062723c751e8b465ee728b)
Start importing Assets/Textures/Stair_01_norm.tga using Guid(98c0d6c238571824f91fff20c1b61b57) Importer(815301076,1909f56bfc062723c751e8b465ee728b)  -> (artifact id: 'f7f02d01b55255e8bb294eed59b5a296') in 0.038773 seconds 
========================================================================
Received Import Request.
  Time since last request: 3.209005 seconds.
  path: Assets/Materials/Pillar01.mat
  artifactKey: Guid(f3302388795c57b43b618074ec676ea3) Importer(815301076,1909f56bfc062723c751e8b465ee728b)
Start importing Assets/Materials/Pillar01.mat using Guid(f3302388795c57b43b618074ec676ea3) Importer(815301076,1909f56bfc062723c751e8b465ee728b)  -> (artifact id: '4bbf1eb4dcdc1c592ced4dcfdb3202a3') in 0.112364 seconds 
========================================================================
Received Import Request.
  Time since last request: 0.000026 seconds.
  path: Assets/Materials/Stairs.mat
  artifactKey: Guid(0b517fd098f827647bbbb6178f9f300c) Importer(815301076,1909f56bfc062723c751e8b465ee728b)
Start importing Assets/Materials/Stairs.mat using Guid(0b517fd098f827647bbbb6178f9f300c) Importer(815301076,1909f56bfc062723c751e8b465ee728b)  -> (artifact id: 'cc6235816ba0f02255a1e6b16e5aa8fa') in 0.058746 seconds 
========================================================================
Received Import Request.
  Time since last request: 0.000041 seconds.
  path: Assets/Materials/PillarTopper01.mat
  artifactKey: Guid(d673b3039f94a774391f394c217ab4b0) Importer(815301076,1909f56bfc062723c751e8b465ee728b)
Start importing Assets/Materials/PillarTopper01.mat using Guid(d673b3039f94a774391f394c217ab4b0) Importer(815301076,1909f56bfc062723c751e8b465ee728b)  -> (artifact id: '1d7f2f9adef51b706d6c18bed62e8a62') in 0.032250 seconds 
========================================================================
Received Import Request.
  Time since last request: 0.000031 seconds.
  path: Assets/Materials/PillarBase01.mat
  artifactKey: Guid(cc3a1c1a1b41c9740a01fe6b2b94d992) Importer(815301076,1909f56bfc062723c751e8b465ee728b)
Start importing Assets/Materials/PillarBase01.mat using Guid(cc3a1c1a1b41c9740a01fe6b2b94d992) Importer(815301076,1909f56bfc062723c751e8b465ee728b)  -> (artifact id: '0f18337d3be51a380d3e3314e9e1172c') in 0.028584 seconds 
========================================================================
Received Import Request.
  Time since last request: 0.000043 seconds.
  path: Assets/Materials/Stone.mat
  artifactKey: Guid(f0754ce96e29813479c51ec606c01933) Importer(815301076,1909f56bfc062723c751e8b465ee728b)
Start importing Assets/Materials/Stone.mat using Guid(f0754ce96e29813479c51ec606c01933) Importer(815301076,1909f56bfc062723c751e8b465ee728b)  -> (artifact id: 'c54ed25b1166974feca824b43ff4b09e') in 0.183464 seconds 
========================================================================
Received Import Request.
  Time since last request: 1322.242320 seconds.
  path: Assets/Materials/FlatRocks_diffuse.mat
  artifactKey: Guid(e9c9becc544ad424ebbfed824d42c0d0) Importer(815301076,1909f56bfc062723c751e8b465ee728b)
Start importing Assets/Materials/FlatRocks_diffuse.mat using Guid(e9c9becc544ad424ebbfed824d42c0d0) Importer(815301076,1909f56bfc062723c751e8b465ee728b)  -> (artifact id: '1b80f6d3af448e3624f89035fb3c13a3') in 0.043965 seconds 
========================================================================
Received Import Request.
  Time since last request: 0.000033 seconds.
  path: Assets/Materials/lambert1.mat
  artifactKey: Guid(c7c7345824335d44cb59b327e158941c) Importer(815301076,1909f56bfc062723c751e8b465ee728b)
Start importing Assets/Materials/lambert1.mat using Guid(c7c7345824335d44cb59b327e158941c) Importer(815301076,1909f56bfc062723c751e8b465ee728b)  -> (artifact id: '3771d2d2abe7b5e7ecf0bd0ac7564e80') in 0.039236 seconds 
========================================================================
Received Import Request.
  Time since last request: 0.000028 seconds.
  path: Assets/Materials/green.mat
  artifactKey: Guid(261a4aa76f5b697459d31de8273aea7d) Importer(815301076,1909f56bfc062723c751e8b465ee728b)
Start importing Assets/Materials/green.mat using Guid(261a4aa76f5b697459d31de8273aea7d) Importer(815301076,1909f56bfc062723c751e8b465ee728b)  -> (artifact id: 'f40f3e84e5acf65353992f58849bbbe0') in 0.042631 seconds 
========================================================================
Received Import Request.
  Time since last request: 0.000037 seconds.
  path: Assets/Materials/Light 2.mat
  artifactKey: Guid(c389c2b68df83214a8edce9b25d06299) Importer(815301076,1909f56bfc062723c751e8b465ee728b)
Start importing Assets/Materials/Light 2.mat using Guid(c389c2b68df83214a8edce9b25d06299) Importer(815301076,1909f56bfc062723c751e8b465ee728b)  -> (artifact id: '84cd3adc8067c825ecd46f1be7f33488') in 0.042969 seconds 
========================================================================
Received Import Request.
  Time since last request: 0.000035 seconds.
  path: Assets/Materials/lambert2.mat
  artifactKey: Guid(7ed2472106d0051489475d158ee94a80) Importer(815301076,1909f56bfc062723c751e8b465ee728b)
Start importing Assets/Materials/lambert2.mat using Guid(7ed2472106d0051489475d158ee94a80) Importer(815301076,1909f56bfc062723c751e8b465ee728b)  -> (artifact id: 'b935769111a6b809b75a8ef96699b2a3') in 0.033140 seconds 
========================================================================
Received Import Request.
  Time since last request: 0.000027 seconds.
  path: Assets/Materials/Light.mat
  artifactKey: Guid(eeb77e1a240a9a64893a36e849843783) Importer(815301076,1909f56bfc062723c751e8b465ee728b)
Start importing Assets/Materials/Light.mat using Guid(eeb77e1a240a9a64893a36e849843783) Importer(815301076,1909f56bfc062723c751e8b465ee728b)  -> (artifact id: 'ff71af5b6560f5d2e2ee380f76e072c4') in 0.029404 seconds 
========================================================================
Received Import Request.
  Time since last request: 0.000029 seconds.
  path: Assets/Materials/Lantern.mat
  artifactKey: Guid(445295f05a126de41a21a01ecb131234) Importer(815301076,1909f56bfc062723c751e8b465ee728b)
Start importing Assets/Materials/Lantern.mat using Guid(445295f05a126de41a21a01ecb131234) Importer(815301076,1909f56bfc062723c751e8b465ee728b)  -> (artifact id: 'ed11c6b30b3f87d49d28b7471c01ad81') in 0.056264 seconds 
========================================================================
Received Import Request.
  Time since last request: 0.000034 seconds.
  path: Assets/Materials/Floor_04.mat
  artifactKey: Guid(ff69c055659d08e4884fb4ceab4ec5a3) Importer(815301076,1909f56bfc062723c751e8b465ee728b)
Start importing Assets/Materials/Floor_04.mat using Guid(ff69c055659d08e4884fb4ceab4ec5a3) Importer(815301076,1909f56bfc062723c751e8b465ee728b)  -> (artifact id: 'f9412d326355921807221add29c870f2') in 0.055586 seconds 
========================================================================
Received Prepare
Registering precompiled user dll's ...
Registered in 0.020974 seconds.
Begin MonoManager ReloadAssembly
Symbol file LoadedFromMemory doesn't match image C:\Users\ayesha.b.ahmed\Documents\codeProjects\UnityFundamentals\Library\PackageCache\com.unity.visualscripting@1.7.8\Editor\VisualScripting.Core\Dependencies\YamlDotNet\Unity.VisualScripting.YamlDotNet.dll
Symbol file LoadedFromMemory doesn't match image C:\Users\ayesha.b.ahmed\Documents\codeProjects\UnityFundamentals\Library\PackageCache\com.unity.visualscripting@1.7.8\Editor\VisualScripting.Core\Dependencies\DotNetZip\Unity.VisualScripting.IonicZip.dll
Native extension for WindowsStandalone target not found
Native extension for WebGL target not found
Refreshing native plugins compatible for Editor in 1.28 ms, found 3 plugins.
Preloading 0 native plugins for Editor in 0.00 ms.
Mono: successfully reloaded assembly
- Completed reload, in  2.527 seconds
Domain Reload Profiling:
	ReloadAssembly (2529ms)
		BeginReloadAssembly (503ms)
			ExecutionOrderSort (0ms)
			DisableScriptedObjects (25ms)
			BackupInstance (0ms)
			ReleaseScriptingObjects (0ms)
			CreateAndSetChildDomain (187ms)
		EndReloadAssembly (1778ms)
			LoadAssemblies (243ms)
			RebuildTransferFunctionScriptingTraits (0ms)
			SetupTypeCache (594ms)
			ReleaseScriptCaches (3ms)
			RebuildScriptCaches (86ms)
			SetupLoadedEditorAssemblies (796ms)
				LogAssemblyErrors (0ms)
				InitializePlatformSupportModulesInManaged (30ms)
				SetLoadedEditorAssemblies (1ms)
				RefreshPlugins (1ms)
				BeforeProcessingInitializeOnLoad (168ms)
				ProcessInitializeOnLoadAttributes (513ms)
				ProcessInitializeOnLoadMethodAttributes (60ms)
				AfterProcessingInitializeOnLoad (21ms)
				EditorAssembliesLoaded (0ms)
			ExecutionOrderSort2 (0ms)
			AwakeInstancesAfterBackupRestoration (16ms)
Platform modules already initialized, skipping
Refreshing native plugins compatible for Editor in 2.88 ms, found 3 plugins.
Preloading 0 native plugins for Editor in 0.00 ms.
Unloading 3761 Unused Serialized files (Serialized files now loaded: 0)
Unloading 21 unused Assets / (129.6 KB). Loaded Objects now: 4314.
Memory consumption went from 138.9 MB to 138.8 MB.
Total: 3.355000 ms (FindLiveObjects: 0.237400 ms CreateObjectMapping: 0.097200 ms MarkObjects: 2.678900 ms  DeleteObjects: 0.339800 ms)

AssetImportParameters requested are different than current active one (requested -> active):
  custom:video-decoder-ogg-theora: a1e56fd34408186e4bbccfd4996cb3dc -> 
  custom:container-muxer-webm: aa71ff27fc2769a1b78a27578f13a17b -> 
  custom:container-demuxer-webm: 4f35f7cbe854078d1ac9338744f61a02 -> 
  custom:video-encoder-webm-vp8: eb34c28f22e8b96e1ab97ce403110664 -> 
  custom:audio-encoder-webm-vorbis: bf7c407c2cedff20999df2af8eb42d56 -> 
  custom:framework-win-MediaFoundation: 216162199b28c13a410421893ffa2e32 -> 
  custom:container-demuxer-ogg: 62fdf1f143b41e24485cea50d1cbac27 -> 
  custom:video-decoder-webm-vp8: 9c59270c3fd7afecdb556c50c9e8de78 -> 
  custom:audio-decoder-ogg-vorbis: bf7c407c2cedff20999df2af8eb42d56 -> 
